Using pre-set license
Built from '2021.3/staging' branch; Version is '2021.3.23f1 (213b516bf396) revision 2177873'; Using compiler version '192829333'; Build Type 'Release'
OS: 'Windows 10  (10.0.19045) 64bit Education' Language: 'ko' Physical Memory: 65462 MB
BatchMode: 1, IsHumanControllingUs: 0, StartBugReporterOnCrash: 0, Is64bit: 1, IsPro: 1

COMMAND LINE ARGUMENTS:
C:\Program Files\Unity\Hub\Editor\2021.3.23f1\Editor\Unity.exe
-adb2
-batchMode
-noUpm
-name
AssetImportWorker13
-projectPath
C:/Users/GACHON/ZepetoProject
-logFile
Logs/AssetImportWorker13.log
-srvPort
50820
Successfully changed project path to: C:/Users/GACHON/ZepetoProject
C:/Users/GACHON/ZepetoProject
[UnityMemory] Configuration Parameters - Can be set up in boot.config
    "memorysetup-bucket-allocator-granularity=16"
    "memorysetup-bucket-allocator-bucket-count=8"
    "memorysetup-bucket-allocator-block-size=33554432"
    "memorysetup-bucket-allocator-block-count=8"
    "memorysetup-main-allocator-block-size=16777216"
    "memorysetup-thread-allocator-block-size=16777216"
    "memorysetup-gfx-main-allocator-block-size=16777216"
    "memorysetup-gfx-thread-allocator-block-size=16777216"
    "memorysetup-cache-allocator-block-size=4194304"
    "memorysetup-typetree-allocator-block-size=2097152"
    "memorysetup-profiler-bucket-allocator-granularity=16"
    "memorysetup-profiler-bucket-allocator-bucket-count=8"
    "memorysetup-profiler-bucket-allocator-block-size=33554432"
    "memorysetup-profiler-bucket-allocator-block-count=8"
    "memorysetup-profiler-allocator-block-size=16777216"
    "memorysetup-profiler-editor-allocator-block-size=1048576"
    "memorysetup-temp-allocator-size-main=16777216"
    "memorysetup-job-temp-allocator-block-size=2097152"
    "memorysetup-job-temp-allocator-block-size-background=1048576"
    "memorysetup-job-temp-allocator-reduction-small-platforms=262144"
    "memorysetup-temp-allocator-size-background-worker=32768"
    "memorysetup-temp-allocator-size-job-worker=262144"
    "memorysetup-temp-allocator-size-preload-manager=33554432"
    "memorysetup-temp-allocator-size-nav-mesh-worker=65536"
    "memorysetup-temp-allocator-size-audio-worker=65536"
    "memorysetup-temp-allocator-size-cloud-worker=32768"
    "memorysetup-temp-allocator-size-gi-baking-worker=262144"
    "memorysetup-temp-allocator-size-gfx=262144"
Player connection [16888] Host "[IP] 192.9.126.253 [Port] 0 [Flags] 2 [Guid] 3408682501 [EditorId] 3408682501 [Version] 1048832 [Id] WindowsEditor(7,DESKTOP-JK75FKM) [Debug] 1 [PackageName] WindowsEditor [ProjectName] Editor" joined multi-casting on [225.0.0.222:54997]...

Player connection [16888] Host "[IP] 192.9.126.253 [Port] 0 [Flags] 2 [Guid] 3408682501 [EditorId] 3408682501 [Version] 1048832 [Id] WindowsEditor(7,DESKTOP-JK75FKM) [Debug] 1 [PackageName] WindowsEditor [ProjectName] Editor" joined alternative multi-casting on [225.0.0.222:34997]...

Refreshing native plugins compatible for Editor in 98.27 ms, found 3 plugins.
Preloading 0 native plugins for Editor in 0.00 ms.
Initialize engine version: 2021.3.23f1 (213b516bf396)
[Subsystems] Discovering subsystems at path C:/Program Files/Unity/Hub/Editor/2021.3.23f1/Editor/Data/Resources/UnitySubsystems
[Subsystems] Discovering subsystems at path C:/Users/GACHON/ZepetoProject/Assets
GfxDevice: creating device client; threaded=0; jobified=0
Direct3D:
    Version:  Direct3D 11.0 [level 11.1]
    Renderer: NVIDIA GeForce RTX 3080 (ID=0x2216)
    Vendor:   NVIDIA
    VRAM:     10067 MB
    Driver:   31.0.15.3623
Initialize mono
Mono path[0] = 'C:/Program Files/Unity/Hub/Editor/2021.3.23f1/Editor/Data/Managed'
Mono path[1] = 'C:/Program Files/Unity/Hub/Editor/2021.3.23f1/Editor/Data/MonoBleedingEdge/lib/mono/unityjit-win32'
Mono config path = 'C:/Program Files/Unity/Hub/Editor/2021.3.23f1/Editor/Data/MonoBleedingEdge/etc'
Using monoOptions --debugger-agent=transport=dt_socket,embedding=1,server=y,suspend=n,address=127.0.0.1:56900
Begin MonoManager ReloadAssembly
Registering precompiled unity dll's ...
Register platform support module: C:/Program Files/Unity/Hub/Editor/2021.3.23f1/Editor/Data/PlaybackEngines/WindowsStandaloneSupport/UnityEditor.WindowsStandalone.Extensions.dll
Registered in 0.010785 seconds.
Native extension for WindowsStandalone target not found
Refreshing native plugins compatible for Editor in 93.56 ms, found 3 plugins.
Preloading 0 native plugins for Editor in 0.00 ms.
Mono: successfully reloaded assembly
- Completed reload, in  0.553 seconds
Domain Reload Profiling:
	ReloadAssembly (554ms)
		BeginReloadAssembly (84ms)
			ExecutionOrderSort (0ms)
			DisableScriptedObjects (0ms)
			BackupInstance (0ms)
			ReleaseScriptingObjects (0ms)
			CreateAndSetChildDomain (1ms)
		EndReloadAssembly (378ms)
			LoadAssemblies (82ms)
			RebuildTransferFunctionScriptingTraits (0ms)
			SetupTypeCache (75ms)
			ReleaseScriptCaches (0ms)
			RebuildScriptCaches (19ms)
			SetupLoadedEditorAssemblies (239ms)
				LogAssemblyErrors (0ms)
				InitializePlatformSupportModulesInManaged (8ms)
				SetLoadedEditorAssemblies (0ms)
				RefreshPlugins (94ms)
				BeforeProcessingInitializeOnLoad (1ms)
				ProcessInitializeOnLoadAttributes (96ms)
				ProcessInitializeOnLoadMethodAttributes (40ms)
				AfterProcessingInitializeOnLoad (0ms)
				EditorAssembliesLoaded (0ms)
			ExecutionOrderSort2 (0ms)
			AwakeInstancesAfterBackupRestoration (0ms)
Platform modules already initialized, skipping
Registering precompiled user dll's ...
Registered in 0.007791 seconds.
Begin MonoManager ReloadAssembly
Symbol file LoadedFromMemory doesn't match image C:\Users\GACHON\ZepetoProject\Library\PackageCache\com.unity.visualscripting@1.8.0\Editor\VisualScripting.Core\Dependencies\YamlDotNet\Unity.VisualScripting.YamlDotNet.dll
Symbol file LoadedFromMemory doesn't match image C:\Users\GACHON\ZepetoProject\Library\PackageCache\com.unity.visualscripting@1.8.0\Editor\VisualScripting.Core\Dependencies\DotNetZip\Unity.VisualScripting.IonicZip.dll
Native extension for WindowsStandalone target not found
Refreshing native plugins compatible for Editor in 1.02 ms, found 3 plugins.
Preloading 0 native plugins for Editor in 0.00 ms.
Mono: successfully reloaded assembly
- Completed reload, in  0.774 seconds
Domain Reload Profiling:
	ReloadAssembly (775ms)
		BeginReloadAssembly (108ms)
			ExecutionOrderSort (0ms)
			DisableScriptedObjects (5ms)
			BackupInstance (0ms)
			ReleaseScriptingObjects (0ms)
			CreateAndSetChildDomain (15ms)
		EndReloadAssembly (580ms)
			LoadAssemblies (87ms)
			RebuildTransferFunctionScriptingTraits (0ms)
			SetupTypeCache (175ms)
			ReleaseScriptCaches (1ms)
			RebuildScriptCaches (33ms)
			SetupLoadedEditorAssemblies (276ms)
				LogAssemblyErrors (0ms)
				InitializePlatformSupportModulesInManaged (6ms)
				SetLoadedEditorAssemblies (0ms)
				RefreshPlugins (1ms)
				BeforeProcessingInitializeOnLoad (85ms)
				ProcessInitializeOnLoadAttributes (159ms)
				ProcessInitializeOnLoadMethodAttributes (14ms)
				AfterProcessingInitializeOnLoad (12ms)
				EditorAssembliesLoaded (0ms)
			ExecutionOrderSort2 (0ms)
			AwakeInstancesAfterBackupRestoration (4ms)
Platform modules already initialized, skipping
========================================================================
Worker process is ready to serve import requests
Launched and connected shader compiler UnityShaderCompiler.exe after 0.03 seconds
Refreshing native plugins compatible for Editor in 1.23 ms, found 3 plugins.
Preloading 0 native plugins for Editor in 0.00 ms.
Unloading 3051 Unused Serialized files (Serialized files now loaded: 0)
Unloading 24 unused Assets / (113.5 KB). Loaded Objects now: 3538.
Memory consumption went from 124.0 MB to 123.9 MB.
Total: 2.637200 ms (FindLiveObjects: 0.199800 ms CreateObjectMapping: 0.099700 ms MarkObjects: 2.242300 ms  DeleteObjects: 0.094800 ms)

AssetImportParameters requested are different than current active one (requested -> active):
  custom:video-decoder-ogg-theora: a1e56fd34408186e4bbccfd4996cb3dc -> 
  custom:container-muxer-webm: aa71ff27fc2769a1b78a27578f13a17b -> 
  custom:container-demuxer-webm: 4f35f7cbe854078d1ac9338744f61a02 -> 
  custom:video-encoder-webm-vp8: eb34c28f22e8b96e1ab97ce403110664 -> 
  custom:audio-encoder-webm-vorbis: bf7c407c2cedff20999df2af8eb42d56 -> 
  custom:framework-win-MediaFoundation: 216162199b28c13a410421893ffa2e32 -> 
  custom:container-demuxer-ogg: 62fdf1f143b41e24485cea50d1cbac27 -> 
  custom:video-decoder-webm-vp8: 9c59270c3fd7afecdb556c50c9e8de78 -> 
  custom:audio-decoder-ogg-vorbis: bf7c407c2cedff20999df2af8eb42d56 -> 
========================================================================
Received Import Request.
  Time since last request: 98922.781395 seconds.
  path: Packages/asset.mysteryhouse/Prefabs/mysteryhouse_buildings_fence.prefab
  artifactKey: Guid(9bae516daaa05493983e786f3c574102) Importer(815301076,1909f56bfc062723c751e8b465ee728b)
Start importing Packages/asset.mysteryhouse/Prefabs/mysteryhouse_buildings_fence.prefab using Guid(9bae516daaa05493983e786f3c574102) Importer(815301076,1909f56bfc062723c751e8b465ee728b)  -> (artifact id: '03ee59bb305e53fd0175b2fba35c30c6') in 0.102000 seconds 
========================================================================
Received Import Request.
  Time since last request: 0.000025 seconds.
  path: Packages/asset.mysteryhouse/Prefabs/mysteryhouse_buildings_gate.prefab
  artifactKey: Guid(5a155246f9ef145ffa70c4437b9f6d13) Importer(815301076,1909f56bfc062723c751e8b465ee728b)
Start importing Packages/asset.mysteryhouse/Prefabs/mysteryhouse_buildings_gate.prefab using Guid(5a155246f9ef145ffa70c4437b9f6d13) Importer(815301076,1909f56bfc062723c751e8b465ee728b)  -> (artifact id: '6c272dbf92bc4c916f0203abff92ea75') in 0.018067 seconds 
========================================================================
Received Import Request.
  Time since last request: 0.711038 seconds.
  path: Packages/asset.mysteryhouse/Prefabs/mysteryhouse_furniture_chair.prefab
  artifactKey: Guid(0c082cf426e0e445bba3bf147340ebd2) Importer(815301076,1909f56bfc062723c751e8b465ee728b)
Start importing Packages/asset.mysteryhouse/Prefabs/mysteryhouse_furniture_chair.prefab using Guid(0c082cf426e0e445bba3bf147340ebd2) Importer(815301076,1909f56bfc062723c751e8b465ee728b)  -> (artifact id: 'ff13e2fd16d5682b0a918657b60d27b2') in 0.011102 seconds 
========================================================================
Received Import Request.
  Time since last request: 0.023950 seconds.
  path: Packages/asset.mysteryhouse/Prefabs/mysteryhouse_furniture_chessboard.prefab
  artifactKey: Guid(4d6445273a2ea4e288be69efbcd0d810) Importer(815301076,1909f56bfc062723c751e8b465ee728b)
Start importing Packages/asset.mysteryhouse/Prefabs/mysteryhouse_furniture_chessboard.prefab using Guid(4d6445273a2ea4e288be69efbcd0d810) Importer(815301076,1909f56bfc062723c751e8b465ee728b)  -> (artifact id: '7971caac2f9bae26ea7befa90612e600') in 0.010211 seconds 
========================================================================
Received Import Request.
  Time since last request: 0.000014 seconds.
  path: Packages/asset.mysteryhouse/Prefabs/mysteryhouse_furniture_closet.prefab
  artifactKey: Guid(d2581126c4f7447398aff5ceea74b1ff) Importer(815301076,1909f56bfc062723c751e8b465ee728b)
Start importing Packages/asset.mysteryhouse/Prefabs/mysteryhouse_furniture_closet.prefab using Guid(d2581126c4f7447398aff5ceea74b1ff) Importer(815301076,1909f56bfc062723c751e8b465ee728b)  -> (artifact id: 'aaf5e854adb5030bc9176632a62021cc') in 0.013029 seconds 
========================================================================
Received Import Request.
  Time since last request: 0.000015 seconds.
  path: Packages/asset.mysteryhouse/Prefabs/mysteryhouse_furniture_desk1.prefab
  artifactKey: Guid(404f2423cadb24778b8cfe1f7891791a) Importer(815301076,1909f56bfc062723c751e8b465ee728b)
Start importing Packages/asset.mysteryhouse/Prefabs/mysteryhouse_furniture_desk1.prefab using Guid(404f2423cadb24778b8cfe1f7891791a) Importer(815301076,1909f56bfc062723c751e8b465ee728b)  -> (artifact id: '62be3df0b3ade9fcf357d1b9f57f3177') in 0.014722 seconds 
========================================================================
Received Import Request.
  Time since last request: 0.000012 seconds.
  path: Packages/asset.mysteryhouse/Prefabs/mysteryhouse_furniture_clothesrack.prefab
  artifactKey: Guid(5ce40140ef98b4ac7a9b26c2bca19807) Importer(815301076,1909f56bfc062723c751e8b465ee728b)
Start importing Packages/asset.mysteryhouse/Prefabs/mysteryhouse_furniture_clothesrack.prefab using Guid(5ce40140ef98b4ac7a9b26c2bca19807) Importer(815301076,1909f56bfc062723c751e8b465ee728b)  -> (artifact id: '96bb78ff279789cc9702c57c4dfe2d0f') in 0.012438 seconds 
========================================================================
Received Import Request.
  Time since last request: 0.968527 seconds.
  path: Packages/asset.mysteryhouse/Prefabs/mysteryhouse_furniture_watertap.prefab
  artifactKey: Guid(4df7cbe2cc2ad4dc18edfd9b43dbc69d) Importer(815301076,1909f56bfc062723c751e8b465ee728b)
Start importing Packages/asset.mysteryhouse/Prefabs/mysteryhouse_furniture_watertap.prefab using Guid(4df7cbe2cc2ad4dc18edfd9b43dbc69d) Importer(815301076,1909f56bfc062723c751e8b465ee728b)  -> (artifact id: '7babfbe3e0662fa382ba85a1a83ae489') in 0.011761 seconds 
========================================================================
Received Import Request.
  Time since last request: 0.040971 seconds.
  path: Packages/asset.mysteryhouse/Prefabs/mysteryhouse_light_candle6.prefab
  artifactKey: Guid(c0d04aa1e6e7e493194f7c10b7ff16c5) Importer(815301076,1909f56bfc062723c751e8b465ee728b)
Start importing Packages/asset.mysteryhouse/Prefabs/mysteryhouse_light_candle6.prefab using Guid(c0d04aa1e6e7e493194f7c10b7ff16c5) Importer(815301076,1909f56bfc062723c751e8b465ee728b)  -> (artifact id: '8fc41f2f12579582b6508952a194db0a') in 0.010705 seconds 
========================================================================
Received Import Request.
  Time since last request: 0.272987 seconds.
  path: Packages/asset.mysteryhouse/Prefabs/mysteryhouse_light_standlamp1.prefab
  artifactKey: Guid(d0eabf72b4e7a4192bcc01d5bebf9320) Importer(815301076,1909f56bfc062723c751e8b465ee728b)
Start importing Packages/asset.mysteryhouse/Prefabs/mysteryhouse_light_standlamp1.prefab using Guid(d0eabf72b4e7a4192bcc01d5bebf9320) Importer(815301076,1909f56bfc062723c751e8b465ee728b)  -> (artifact id: '972332fe3820f0da457db68f7f6c8969') in 0.017900 seconds 
========================================================================
Received Import Request.
  Time since last request: 0.272793 seconds.
  path: Packages/asset.mysteryhouse/Prefabs/mysteryhouse_props_barrel2.prefab
  artifactKey: Guid(7c3fd3eaf3cd24ffc8a06cc5901d22a0) Importer(815301076,1909f56bfc062723c751e8b465ee728b)
Start importing Packages/asset.mysteryhouse/Prefabs/mysteryhouse_props_barrel2.prefab using Guid(7c3fd3eaf3cd24ffc8a06cc5901d22a0) Importer(815301076,1909f56bfc062723c751e8b465ee728b)  -> (artifact id: '0c6e4840f28544aabe5ba52d9dd08120') in 0.010450 seconds 
========================================================================
Received Import Request.
  Time since last request: 0.329991 seconds.
  path: Packages/asset.mysteryhouse/Prefabs/mysteryhouse_props_carpet3.prefab
  artifactKey: Guid(b09f6cd0f0f3a480f8436b4d4d60f74f) Importer(815301076,1909f56bfc062723c751e8b465ee728b)
Start importing Packages/asset.mysteryhouse/Prefabs/mysteryhouse_props_carpet3.prefab using Guid(b09f6cd0f0f3a480f8436b4d4d60f74f) Importer(815301076,1909f56bfc062723c751e8b465ee728b)  -> (artifact id: '1d45e62ebb5d1e8a16afbd56ec2228c2') in 0.026956 seconds 
========================================================================
Received Import Request.
  Time since last request: 2.659380 seconds.
  path: Packages/asset.wedding/Prefabs/wedding_trees_cedar2.prefab
  artifactKey: Guid(9d89a9be36ef34ba898766c20f1d7db4) Importer(815301076,1909f56bfc062723c751e8b465ee728b)
Start importing Packages/asset.wedding/Prefabs/wedding_trees_cedar2.prefab using Guid(9d89a9be36ef34ba898766c20f1d7db4) Importer(815301076,1909f56bfc062723c751e8b465ee728b)  -> (artifact id: '6462f6b4839eef5c4253594636d92df1') in 0.011461 seconds 
========================================================================
Received Import Request.
  Time since last request: 2.563010 seconds.
  path: Packages/asset.snowvillage/Prefabs/snowvillage_trees_baretree.prefab
  artifactKey: Guid(ba5a535b334c24c9cad96841cc371c2f) Importer(815301076,1909f56bfc062723c751e8b465ee728b)
Start importing Packages/asset.snowvillage/Prefabs/snowvillage_trees_baretree.prefab using Guid(ba5a535b334c24c9cad96841cc371c2f) Importer(815301076,1909f56bfc062723c751e8b465ee728b)  -> (artifact id: 'af9c5369e9cadc938ed9e16e05ace808') in 0.009653 seconds 
========================================================================
Received Import Request.
  Time since last request: 2.661686 seconds.
  path: Packages/asset.cherryblossom/Prefabs/cherryblossom_trees_cherryblossom1.prefab
  artifactKey: Guid(ff6b60674a29148b8a631d92c466d3fb) Importer(815301076,1909f56bfc062723c751e8b465ee728b)
Start importing Packages/asset.cherryblossom/Prefabs/cherryblossom_trees_cherryblossom1.prefab using Guid(ff6b60674a29148b8a631d92c466d3fb) Importer(815301076,1909f56bfc062723c751e8b465ee728b)  -> (artifact id: 'c571c0ff07f2ccc766490062e9659594') in 0.104976 seconds 
Editor requested this worker to shutdown with reason: Scaling down because of idle timeout
AssetImportWorker is now disconnected from the server
Process exiting
Exiting without the bug reporter. Application will terminate with return code 0