Using pre-set license
Built from '2021.3/staging' branch; Version is '2021.3.23f1 (213b516bf396) revision 2177873'; Using compiler version '192829333'; Build Type 'Release'
OS: 'Windows 10  (10.0.19045) 64bit Education' Language: 'ko' Physical Memory: 65462 MB
BatchMode: 1, IsHumanControllingUs: 0, StartBugReporterOnCrash: 0, Is64bit: 1, IsPro: 1

COMMAND LINE ARGUMENTS:
C:\Program Files\Unity\Hub\Editor\2021.3.23f1\Editor\Unity.exe
-adb2
-batchMode
-noUpm
-name
AssetImportWorker78
-projectPath
C:/Users/GACHON/ZepetoProject
-logFile
Logs/AssetImportWorker78.log
-srvPort
50820
Successfully changed project path to: C:/Users/GACHON/ZepetoProject
C:/Users/GACHON/ZepetoProject
[UnityMemory] Configuration Parameters - Can be set up in boot.config
    "memorysetup-bucket-allocator-granularity=16"
    "memorysetup-bucket-allocator-bucket-count=8"
    "memorysetup-bucket-allocator-block-size=33554432"
    "memorysetup-bucket-allocator-block-count=8"
    "memorysetup-main-allocator-block-size=16777216"
    "memorysetup-thread-allocator-block-size=16777216"
    "memorysetup-gfx-main-allocator-block-size=16777216"
    "memorysetup-gfx-thread-allocator-block-size=16777216"
    "memorysetup-cache-allocator-block-size=4194304"
    "memorysetup-typetree-allocator-block-size=2097152"
    "memorysetup-profiler-bucket-allocator-granularity=16"
    "memorysetup-profiler-bucket-allocator-bucket-count=8"
    "memorysetup-profiler-bucket-allocator-block-size=33554432"
    "memorysetup-profiler-bucket-allocator-block-count=8"
    "memorysetup-profiler-allocator-block-size=16777216"
    "memorysetup-profiler-editor-allocator-block-size=1048576"
    "memorysetup-temp-allocator-size-main=16777216"
    "memorysetup-job-temp-allocator-block-size=2097152"
    "memorysetup-job-temp-allocator-block-size-background=1048576"
    "memorysetup-job-temp-allocator-reduction-small-platforms=262144"
    "memorysetup-temp-allocator-size-background-worker=32768"
    "memorysetup-temp-allocator-size-job-worker=262144"
    "memorysetup-temp-allocator-size-preload-manager=33554432"
    "memorysetup-temp-allocator-size-nav-mesh-worker=65536"
    "memorysetup-temp-allocator-size-audio-worker=65536"
    "memorysetup-temp-allocator-size-cloud-worker=32768"
    "memorysetup-temp-allocator-size-gi-baking-worker=262144"
    "memorysetup-temp-allocator-size-gfx=262144"
Player connection [18356] Host "[IP] 192.9.126.253 [Port] 0 [Flags] 2 [Guid] 3680084631 [EditorId] 3680084631 [Version] 1048832 [Id] WindowsEditor(7,DESKTOP-JK75FKM) [Debug] 1 [PackageName] WindowsEditor [ProjectName] Editor" joined multi-casting on [225.0.0.222:54997]...

Player connection [18356] Host "[IP] 192.9.126.253 [Port] 0 [Flags] 2 [Guid] 3680084631 [EditorId] 3680084631 [Version] 1048832 [Id] WindowsEditor(7,DESKTOP-JK75FKM) [Debug] 1 [PackageName] WindowsEditor [ProjectName] Editor" joined alternative multi-casting on [225.0.0.222:34997]...

Refreshing native plugins compatible for Editor in 96.67 ms, found 3 plugins.
Preloading 0 native plugins for Editor in 0.00 ms.
Initialize engine version: 2021.3.23f1 (213b516bf396)
[Subsystems] Discovering subsystems at path C:/Program Files/Unity/Hub/Editor/2021.3.23f1/Editor/Data/Resources/UnitySubsystems
[Subsystems] Discovering subsystems at path C:/Users/GACHON/ZepetoProject/Assets
GfxDevice: creating device client; threaded=0; jobified=0
Direct3D:
    Version:  Direct3D 11.0 [level 11.1]
    Renderer: NVIDIA GeForce RTX 3080 (ID=0x2216)
    Vendor:   NVIDIA
    VRAM:     10067 MB
    Driver:   31.0.15.3623
Initialize mono
Mono path[0] = 'C:/Program Files/Unity/Hub/Editor/2021.3.23f1/Editor/Data/Managed'
Mono path[1] = 'C:/Program Files/Unity/Hub/Editor/2021.3.23f1/Editor/Data/MonoBleedingEdge/lib/mono/unityjit-win32'
Mono config path = 'C:/Program Files/Unity/Hub/Editor/2021.3.23f1/Editor/Data/MonoBleedingEdge/etc'
Using monoOptions --debugger-agent=transport=dt_socket,embedding=1,server=y,suspend=n,address=127.0.0.1:56740
Begin MonoManager ReloadAssembly
Registering precompiled unity dll's ...
Register platform support module: C:/Program Files/Unity/Hub/Editor/2021.3.23f1/Editor/Data/PlaybackEngines/WindowsStandaloneSupport/UnityEditor.WindowsStandalone.Extensions.dll
Registered in 0.010808 seconds.
Native extension for WindowsStandalone target not found
Refreshing native plugins compatible for Editor in 90.01 ms, found 3 plugins.
Preloading 0 native plugins for Editor in 0.00 ms.
Mono: successfully reloaded assembly
- Completed reload, in  0.527 seconds
Domain Reload Profiling:
	ReloadAssembly (528ms)
		BeginReloadAssembly (82ms)
			ExecutionOrderSort (0ms)
			DisableScriptedObjects (0ms)
			BackupInstance (0ms)
			ReleaseScriptingObjects (0ms)
			CreateAndSetChildDomain (1ms)
		EndReloadAssembly (357ms)
			LoadAssemblies (79ms)
			RebuildTransferFunctionScriptingTraits (0ms)
			SetupTypeCache (72ms)
			ReleaseScriptCaches (0ms)
			RebuildScriptCaches (18ms)
			SetupLoadedEditorAssemblies (224ms)
				LogAssemblyErrors (0ms)
				InitializePlatformSupportModulesInManaged (8ms)
				SetLoadedEditorAssemblies (0ms)
				RefreshPlugins (90ms)
				BeforeProcessingInitializeOnLoad (1ms)
				ProcessInitializeOnLoadAttributes (90ms)
				ProcessInitializeOnLoadMethodAttributes (35ms)
				AfterProcessingInitializeOnLoad (0ms)
				EditorAssembliesLoaded (0ms)
			ExecutionOrderSort2 (0ms)
			AwakeInstancesAfterBackupRestoration (0ms)
Platform modules already initialized, skipping
Registering precompiled user dll's ...
Registered in 0.006965 seconds.
Begin MonoManager ReloadAssembly
Symbol file LoadedFromMemory doesn't match image C:\Users\GACHON\ZepetoProject\Library\PackageCache\com.unity.visualscripting@1.8.0\Editor\VisualScripting.Core\Dependencies\YamlDotNet\Unity.VisualScripting.YamlDotNet.dll
Symbol file LoadedFromMemory doesn't match image C:\Users\GACHON\ZepetoProject\Library\PackageCache\com.unity.visualscripting@1.8.0\Editor\VisualScripting.Core\Dependencies\DotNetZip\Unity.VisualScripting.IonicZip.dll
Native extension for WindowsStandalone target not found
Refreshing native plugins compatible for Editor in 1.01 ms, found 3 plugins.
Preloading 0 native plugins for Editor in 0.00 ms.
Mono: successfully reloaded assembly
- Completed reload, in  0.771 seconds
Domain Reload Profiling:
	ReloadAssembly (772ms)
		BeginReloadAssembly (108ms)
			ExecutionOrderSort (0ms)
			DisableScriptedObjects (5ms)
			BackupInstance (0ms)
			ReleaseScriptingObjects (0ms)
			CreateAndSetChildDomain (16ms)
		EndReloadAssembly (572ms)
			LoadAssemblies (86ms)
			RebuildTransferFunctionScriptingTraits (0ms)
			SetupTypeCache (174ms)
			ReleaseScriptCaches (1ms)
			RebuildScriptCaches (33ms)
			SetupLoadedEditorAssemblies (270ms)
				LogAssemblyErrors (0ms)
				InitializePlatformSupportModulesInManaged (6ms)
				SetLoadedEditorAssemblies (0ms)
				RefreshPlugins (1ms)
				BeforeProcessingInitializeOnLoad (78ms)
				ProcessInitializeOnLoadAttributes (159ms)
				ProcessInitializeOnLoadMethodAttributes (14ms)
				AfterProcessingInitializeOnLoad (12ms)
				EditorAssembliesLoaded (0ms)
			ExecutionOrderSort2 (0ms)
			AwakeInstancesAfterBackupRestoration (5ms)
Platform modules already initialized, skipping
========================================================================
Worker process is ready to serve import requests
Launched and connected shader compiler UnityShaderCompiler.exe after 0.03 seconds
Refreshing native plugins compatible for Editor in 1.20 ms, found 3 plugins.
Preloading 0 native plugins for Editor in 0.00 ms.
Unloading 3051 Unused Serialized files (Serialized files now loaded: 0)
Unloading 24 unused Assets / (113.8 KB). Loaded Objects now: 3538.
Memory consumption went from 124.2 MB to 124.1 MB.
Total: 2.274000 ms (FindLiveObjects: 0.198600 ms CreateObjectMapping: 0.089500 ms MarkObjects: 1.892900 ms  DeleteObjects: 0.092400 ms)

AssetImportParameters requested are different than current active one (requested -> active):
  custom:video-decoder-ogg-theora: a1e56fd34408186e4bbccfd4996cb3dc -> 
  custom:container-muxer-webm: aa71ff27fc2769a1b78a27578f13a17b -> 
  custom:container-demuxer-webm: 4f35f7cbe854078d1ac9338744f61a02 -> 
  custom:video-encoder-webm-vp8: eb34c28f22e8b96e1ab97ce403110664 -> 
  custom:audio-encoder-webm-vorbis: bf7c407c2cedff20999df2af8eb42d56 -> 
  custom:framework-win-MediaFoundation: 216162199b28c13a410421893ffa2e32 -> 
  custom:container-demuxer-ogg: 62fdf1f143b41e24485cea50d1cbac27 -> 
  custom:video-decoder-webm-vp8: 9c59270c3fd7afecdb556c50c9e8de78 -> 
  custom:audio-decoder-ogg-vorbis: bf7c407c2cedff20999df2af8eb42d56 -> 
========================================================================
Received Import Request.
  Time since last request: 101178.183177 seconds.
  path: Packages/asset.cherryblossom/Prefabs/cherryblossom_animals_fancycarp2_ani.prefab
  artifactKey: Guid(436cf5c0bdf9e4f359d83f325ad30577) Importer(815301076,1909f56bfc062723c751e8b465ee728b)
Start importing Packages/asset.cherryblossom/Prefabs/cherryblossom_animals_fancycarp2_ani.prefab using Guid(436cf5c0bdf9e4f359d83f325ad30577) Importer(815301076,1909f56bfc062723c751e8b465ee728b)  -> (artifact id: 'd8aff87f72d61ddaf0f56bd2b26f42b5') in 0.129743 seconds 
========================================================================
Received Import Request.
  Time since last request: 0.000022 seconds.
  path: Packages/asset.cherryblossom/Prefabs/cherryblossom_buildings_bridge.prefab
  artifactKey: Guid(3b68d2f098bb54d26afca9bdc227c8d4) Importer(815301076,1909f56bfc062723c751e8b465ee728b)
Start importing Packages/asset.cherryblossom/Prefabs/cherryblossom_buildings_bridge.prefab using Guid(3b68d2f098bb54d26afca9bdc227c8d4) Importer(815301076,1909f56bfc062723c751e8b465ee728b)  -> (artifact id: 'c0cd1afa22b835f3275617453ea4661b') in 0.039378 seconds 
========================================================================
Received Import Request.
  Time since last request: 0.000029 seconds.
  path: Packages/asset.cherryblossom/Prefabs/cherryblossom_buildings_muntin.prefab
  artifactKey: Guid(31f013e29968d4d56a3c8901c50ea6a5) Importer(815301076,1909f56bfc062723c751e8b465ee728b)
Start importing Packages/asset.cherryblossom/Prefabs/cherryblossom_buildings_muntin.prefab using Guid(31f013e29968d4d56a3c8901c50ea6a5) Importer(815301076,1909f56bfc062723c751e8b465ee728b)  -> (artifact id: '95a6f70bd8522af020eb80df39cfa9dd') in 0.013085 seconds 
========================================================================
Received Import Request.
  Time since last request: 2.135331 seconds.
  path: Packages/asset.cherryblossom/Prefabs/cherryblossom_buildings_onsenbottom.prefab
  artifactKey: Guid(289e70a33423a4d95906c2222b23d5e6) Importer(815301076,1909f56bfc062723c751e8b465ee728b)
Start importing Packages/asset.cherryblossom/Prefabs/cherryblossom_buildings_onsenbottom.prefab using Guid(289e70a33423a4d95906c2222b23d5e6) Importer(815301076,1909f56bfc062723c751e8b465ee728b)  -> (artifact id: '117ab63610f9991af3d1704e893caaec') in 0.011560 seconds 
========================================================================
Received Import Request.
  Time since last request: 0.873797 seconds.
  path: Packages/asset.mysteryhouse/Prefabs/mysteryhouse_plants_grass2.prefab
  artifactKey: Guid(ef295b1d89ba54a238ff2da10f0d00a9) Importer(815301076,1909f56bfc062723c751e8b465ee728b)
Start importing Packages/asset.mysteryhouse/Prefabs/mysteryhouse_plants_grass2.prefab using Guid(ef295b1d89ba54a238ff2da10f0d00a9) Importer(815301076,1909f56bfc062723c751e8b465ee728b)  -> (artifact id: 'e0ce6e1c3d96c291004ed1ab2e112bd8') in 0.010441 seconds 
========================================================================
Received Import Request.
  Time since last request: 0.000016 seconds.
  path: Packages/asset.themepark/Prefabs/themepark_plants_grass3.prefab
  artifactKey: Guid(fa9b93a8abe564541b053ad1c4fd047a) Importer(815301076,1909f56bfc062723c751e8b465ee728b)
Start importing Packages/asset.themepark/Prefabs/themepark_plants_grass3.prefab using Guid(fa9b93a8abe564541b053ad1c4fd047a) Importer(815301076,1909f56bfc062723c751e8b465ee728b)  -> (artifact id: '16aa7ca5aee0c34f8eaabdd0f1d220b8') in 0.011388 seconds 
========================================================================
Received Import Request.
  Time since last request: 1.603847 seconds.
  path: Packages/asset.themepark/Prefabs/themepark_plants_grass5.prefab
  artifactKey: Guid(636f86af0d7084124a8d8b27dff0fe97) Importer(815301076,1909f56bfc062723c751e8b465ee728b)
Start importing Packages/asset.themepark/Prefabs/themepark_plants_grass5.prefab using Guid(636f86af0d7084124a8d8b27dff0fe97) Importer(815301076,1909f56bfc062723c751e8b465ee728b)  -> (artifact id: 'c22a4b420e11604b508030c364ccf941') in 0.009623 seconds 
========================================================================
Received Import Request.
  Time since last request: 3.058389 seconds.
  path: Packages/asset.wedding/Prefabs/wedding_plants_grass1.prefab
  artifactKey: Guid(b0b60ee38fd3f40128cf9a5049298e53) Importer(815301076,1909f56bfc062723c751e8b465ee728b)
Start importing Packages/asset.wedding/Prefabs/wedding_plants_grass1.prefab using Guid(b0b60ee38fd3f40128cf9a5049298e53) Importer(815301076,1909f56bfc062723c751e8b465ee728b)  -> (artifact id: '992a310042d8f95497bad5cb49fe0a5d') in 0.011119 seconds 
