Using pre-set license
Built from '2021.3/staging' branch; Version is '2021.3.23f1 (213b516bf396) revision 2177873'; Using compiler version '192829333'; Build Type 'Release'
OS: 'Windows 10  (10.0.19045) 64bit Education' Language: 'ko' Physical Memory: 65462 MB
BatchMode: 1, IsHumanControllingUs: 0, StartBugReporterOnCrash: 0, Is64bit: 1, IsPro: 1

COMMAND LINE ARGUMENTS:
C:\Program Files\Unity\Hub\Editor\2021.3.23f1\Editor\Unity.exe
-adb2
-batchMode
-noUpm
-name
AssetImportWorker11
-projectPath
C:/Users/GACHON/ZepetoProject
-logFile
Logs/AssetImportWorker11.log
-srvPort
50820
Successfully changed project path to: C:/Users/GACHON/ZepetoProject
C:/Users/GACHON/ZepetoProject
[UnityMemory] Configuration Parameters - Can be set up in boot.config
    "memorysetup-bucket-allocator-granularity=16"
    "memorysetup-bucket-allocator-bucket-count=8"
    "memorysetup-bucket-allocator-block-size=33554432"
    "memorysetup-bucket-allocator-block-count=8"
    "memorysetup-main-allocator-block-size=16777216"
    "memorysetup-thread-allocator-block-size=16777216"
    "memorysetup-gfx-main-allocator-block-size=16777216"
    "memorysetup-gfx-thread-allocator-block-size=16777216"
    "memorysetup-cache-allocator-block-size=4194304"
    "memorysetup-typetree-allocator-block-size=2097152"
    "memorysetup-profiler-bucket-allocator-granularity=16"
    "memorysetup-profiler-bucket-allocator-bucket-count=8"
    "memorysetup-profiler-bucket-allocator-block-size=33554432"
    "memorysetup-profiler-bucket-allocator-block-count=8"
    "memorysetup-profiler-allocator-block-size=16777216"
    "memorysetup-profiler-editor-allocator-block-size=1048576"
    "memorysetup-temp-allocator-size-main=16777216"
    "memorysetup-job-temp-allocator-block-size=2097152"
    "memorysetup-job-temp-allocator-block-size-background=1048576"
    "memorysetup-job-temp-allocator-reduction-small-platforms=262144"
    "memorysetup-temp-allocator-size-background-worker=32768"
    "memorysetup-temp-allocator-size-job-worker=262144"
    "memorysetup-temp-allocator-size-preload-manager=33554432"
    "memorysetup-temp-allocator-size-nav-mesh-worker=65536"
    "memorysetup-temp-allocator-size-audio-worker=65536"
    "memorysetup-temp-allocator-size-cloud-worker=32768"
    "memorysetup-temp-allocator-size-gi-baking-worker=262144"
    "memorysetup-temp-allocator-size-gfx=262144"
Player connection [18576] Host "[IP] 192.9.126.253 [Port] 0 [Flags] 2 [Guid] 148978720 [EditorId] 148978720 [Version] 1048832 [Id] WindowsEditor(7,DESKTOP-JK75FKM) [Debug] 1 [PackageName] WindowsEditor [ProjectName] Editor" joined multi-casting on [225.0.0.222:54997]...

Player connection [18576] Host "[IP] 192.9.126.253 [Port] 0 [Flags] 2 [Guid] 148978720 [EditorId] 148978720 [Version] 1048832 [Id] WindowsEditor(7,DESKTOP-JK75FKM) [Debug] 1 [PackageName] WindowsEditor [ProjectName] Editor" joined alternative multi-casting on [225.0.0.222:34997]...

Refreshing native plugins compatible for Editor in 94.54 ms, found 3 plugins.
Preloading 0 native plugins for Editor in 0.00 ms.
Initialize engine version: 2021.3.23f1 (213b516bf396)
[Subsystems] Discovering subsystems at path C:/Program Files/Unity/Hub/Editor/2021.3.23f1/Editor/Data/Resources/UnitySubsystems
[Subsystems] Discovering subsystems at path C:/Users/GACHON/ZepetoProject/Assets
GfxDevice: creating device client; threaded=0; jobified=0
Direct3D:
    Version:  Direct3D 11.0 [level 11.1]
    Renderer: NVIDIA GeForce RTX 3080 (ID=0x2216)
    Vendor:   NVIDIA
    VRAM:     10067 MB
    Driver:   31.0.15.3623
Initialize mono
Mono path[0] = 'C:/Program Files/Unity/Hub/Editor/2021.3.23f1/Editor/Data/Managed'
Mono path[1] = 'C:/Program Files/Unity/Hub/Editor/2021.3.23f1/Editor/Data/MonoBleedingEdge/lib/mono/unityjit-win32'
Mono config path = 'C:/Program Files/Unity/Hub/Editor/2021.3.23f1/Editor/Data/MonoBleedingEdge/etc'
Using monoOptions --debugger-agent=transport=dt_socket,embedding=1,server=y,suspend=n,address=127.0.0.1:56476
Begin MonoManager ReloadAssembly
Registering precompiled unity dll's ...
Register platform support module: C:/Program Files/Unity/Hub/Editor/2021.3.23f1/Editor/Data/PlaybackEngines/WindowsStandaloneSupport/UnityEditor.WindowsStandalone.Extensions.dll
Registered in 0.010335 seconds.
Native extension for WindowsStandalone target not found
Refreshing native plugins compatible for Editor in 91.07 ms, found 3 plugins.
Preloading 0 native plugins for Editor in 0.00 ms.
Mono: successfully reloaded assembly
- Completed reload, in  0.535 seconds
Domain Reload Profiling:
	ReloadAssembly (535ms)
		BeginReloadAssembly (80ms)
			ExecutionOrderSort (0ms)
			DisableScriptedObjects (0ms)
			BackupInstance (0ms)
			ReleaseScriptingObjects (0ms)
			CreateAndSetChildDomain (1ms)
		EndReloadAssembly (366ms)
			LoadAssemblies (77ms)
			RebuildTransferFunctionScriptingTraits (0ms)
			SetupTypeCache (73ms)
			ReleaseScriptCaches (0ms)
			RebuildScriptCaches (18ms)
			SetupLoadedEditorAssemblies (232ms)
				LogAssemblyErrors (0ms)
				InitializePlatformSupportModulesInManaged (7ms)
				SetLoadedEditorAssemblies (0ms)
				RefreshPlugins (91ms)
				BeforeProcessingInitializeOnLoad (1ms)
				ProcessInitializeOnLoadAttributes (98ms)
				ProcessInitializeOnLoadMethodAttributes (35ms)
				AfterProcessingInitializeOnLoad (0ms)
				EditorAssembliesLoaded (0ms)
			ExecutionOrderSort2 (0ms)
			AwakeInstancesAfterBackupRestoration (0ms)
Platform modules already initialized, skipping
Registering precompiled user dll's ...
Registered in 0.008037 seconds.
Begin MonoManager ReloadAssembly
Symbol file LoadedFromMemory doesn't match image C:\Users\GACHON\ZepetoProject\Library\PackageCache\com.unity.visualscripting@1.8.0\Editor\VisualScripting.Core\Dependencies\YamlDotNet\Unity.VisualScripting.YamlDotNet.dll
Symbol file LoadedFromMemory doesn't match image C:\Users\GACHON\ZepetoProject\Library\PackageCache\com.unity.visualscripting@1.8.0\Editor\VisualScripting.Core\Dependencies\DotNetZip\Unity.VisualScripting.IonicZip.dll
Native extension for WindowsStandalone target not found
Refreshing native plugins compatible for Editor in 1.04 ms, found 3 plugins.
Preloading 0 native plugins for Editor in 0.00 ms.
Mono: successfully reloaded assembly
- Completed reload, in  0.775 seconds
Domain Reload Profiling:
	ReloadAssembly (776ms)
		BeginReloadAssembly (108ms)
			ExecutionOrderSort (0ms)
			DisableScriptedObjects (5ms)
			BackupInstance (0ms)
			ReleaseScriptingObjects (0ms)
			CreateAndSetChildDomain (15ms)
		EndReloadAssembly (579ms)
			LoadAssemblies (87ms)
			RebuildTransferFunctionScriptingTraits (0ms)
			SetupTypeCache (179ms)
			ReleaseScriptCaches (1ms)
			RebuildScriptCaches (33ms)
			SetupLoadedEditorAssemblies (270ms)
				LogAssemblyErrors (0ms)
				InitializePlatformSupportModulesInManaged (6ms)
				SetLoadedEditorAssemblies (0ms)
				RefreshPlugins (1ms)
				BeforeProcessingInitializeOnLoad (77ms)
				ProcessInitializeOnLoadAttributes (159ms)
				ProcessInitializeOnLoadMethodAttributes (15ms)
				AfterProcessingInitializeOnLoad (12ms)
				EditorAssembliesLoaded (0ms)
			ExecutionOrderSort2 (0ms)
			AwakeInstancesAfterBackupRestoration (5ms)
Platform modules already initialized, skipping
========================================================================
Worker process is ready to serve import requests
Launched and connected shader compiler UnityShaderCompiler.exe after 0.03 seconds
Refreshing native plugins compatible for Editor in 1.00 ms, found 3 plugins.
Preloading 0 native plugins for Editor in 0.00 ms.
Unloading 3051 Unused Serialized files (Serialized files now loaded: 0)
Unloading 24 unused Assets / (113.5 KB). Loaded Objects now: 3538.
Memory consumption went from 124.0 MB to 123.9 MB.
Total: 2.483400 ms (FindLiveObjects: 0.190300 ms CreateObjectMapping: 0.103100 ms MarkObjects: 2.103500 ms  DeleteObjects: 0.085800 ms)

AssetImportParameters requested are different than current active one (requested -> active):
  custom:video-decoder-ogg-theora: a1e56fd34408186e4bbccfd4996cb3dc -> 
  custom:container-muxer-webm: aa71ff27fc2769a1b78a27578f13a17b -> 
  custom:container-demuxer-webm: 4f35f7cbe854078d1ac9338744f61a02 -> 
  custom:video-encoder-webm-vp8: eb34c28f22e8b96e1ab97ce403110664 -> 
  custom:audio-encoder-webm-vorbis: bf7c407c2cedff20999df2af8eb42d56 -> 
  custom:framework-win-MediaFoundation: 216162199b28c13a410421893ffa2e32 -> 
  custom:container-demuxer-ogg: 62fdf1f143b41e24485cea50d1cbac27 -> 
  custom:video-decoder-webm-vp8: 9c59270c3fd7afecdb556c50c9e8de78 -> 
  custom:audio-decoder-ogg-vorbis: bf7c407c2cedff20999df2af8eb42d56 -> 
========================================================================
Received Import Request.
  Time since last request: 98922.757078 seconds.
  path: Packages/asset.mysteryhouse/Prefabs/mysteryhouse_animals_bat.prefab
  artifactKey: Guid(f7a1f8f7c3f494c57b6b5c654b846816) Importer(815301076,1909f56bfc062723c751e8b465ee728b)
Start importing Packages/asset.mysteryhouse/Prefabs/mysteryhouse_animals_bat.prefab using Guid(f7a1f8f7c3f494c57b6b5c654b846816) Importer(815301076,1909f56bfc062723c751e8b465ee728b)  -> (artifact id: 'b8cd1d27cc1cf865b4057d3b336ad91a') in 0.104240 seconds 
========================================================================
Received Import Request.
  Time since last request: 0.000019 seconds.
  path: Packages/asset.mysteryhouse/Prefabs/mysteryhouse_furniture_bathtub.prefab
  artifactKey: Guid(d26d95a822e714c7db3800e67b2bd61a) Importer(815301076,1909f56bfc062723c751e8b465ee728b)
Start importing Packages/asset.mysteryhouse/Prefabs/mysteryhouse_furniture_bathtub.prefab using Guid(d26d95a822e714c7db3800e67b2bd61a) Importer(815301076,1909f56bfc062723c751e8b465ee728b)  -> (artifact id: 'a2b5c37264c8a9e1776967ddc8985039') in 0.015233 seconds 
========================================================================
Received Import Request.
  Time since last request: 0.000025 seconds.
  path: Packages/asset.mysteryhouse/Prefabs/mysteryhouse_furniture_bookshelf1.prefab
  artifactKey: Guid(a6a9ab60893804d9690b2862fc5b12a8) Importer(815301076,1909f56bfc062723c751e8b465ee728b)
Start importing Packages/asset.mysteryhouse/Prefabs/mysteryhouse_furniture_bookshelf1.prefab using Guid(a6a9ab60893804d9690b2862fc5b12a8) Importer(815301076,1909f56bfc062723c751e8b465ee728b)  -> (artifact id: 'd862541b9f0fa4b95f4bfa5aa4da1766') in 0.013225 seconds 
========================================================================
Received Import Request.
  Time since last request: 0.000017 seconds.
  path: Packages/asset.mysteryhouse/Prefabs/mysteryhouse_furniture_bed.prefab
  artifactKey: Guid(393540ef7da6b4f1e8d69e37eebd39c5) Importer(815301076,1909f56bfc062723c751e8b465ee728b)
Start importing Packages/asset.mysteryhouse/Prefabs/mysteryhouse_furniture_bed.prefab using Guid(393540ef7da6b4f1e8d69e37eebd39c5) Importer(815301076,1909f56bfc062723c751e8b465ee728b)  -> (artifact id: 'a6b0d0b3feb736f9101b1a6a8d639630') in 0.021071 seconds 
========================================================================
Received Import Request.
  Time since last request: 0.647208 seconds.
  path: Packages/asset.mysteryhouse/Prefabs/mysteryhouse_furniture_bookshelf3.prefab
  artifactKey: Guid(060157b9d778a4fde8022eb9392b9b8f) Importer(815301076,1909f56bfc062723c751e8b465ee728b)
Start importing Packages/asset.mysteryhouse/Prefabs/mysteryhouse_furniture_bookshelf3.prefab using Guid(060157b9d778a4fde8022eb9392b9b8f) Importer(815301076,1909f56bfc062723c751e8b465ee728b)  -> (artifact id: 'bdda9d22877e6f1aadf88155cab3ddbe') in 0.012302 seconds 
========================================================================
Received Import Request.
  Time since last request: 0.019727 seconds.
  path: Packages/asset.mysteryhouse/Prefabs/mysteryhouse_furniture_cabinet1.prefab
  artifactKey: Guid(eb98dbb439b3a41bfbebf0ddf5ac8325) Importer(815301076,1909f56bfc062723c751e8b465ee728b)
Start importing Packages/asset.mysteryhouse/Prefabs/mysteryhouse_furniture_cabinet1.prefab using Guid(eb98dbb439b3a41bfbebf0ddf5ac8325) Importer(815301076,1909f56bfc062723c751e8b465ee728b)  -> (artifact id: '59aaf011fa292fc8eae6fcae35238276') in 0.009681 seconds 
========================================================================
Received Import Request.
  Time since last request: 0.000021 seconds.
  path: Packages/asset.mysteryhouse/Prefabs/mysteryhouse_furniture_cabinet3.prefab
  artifactKey: Guid(c194d23b01a6844988da7a42af2417a8) Importer(815301076,1909f56bfc062723c751e8b465ee728b)
Start importing Packages/asset.mysteryhouse/Prefabs/mysteryhouse_furniture_cabinet3.prefab using Guid(c194d23b01a6844988da7a42af2417a8) Importer(815301076,1909f56bfc062723c751e8b465ee728b)  -> (artifact id: 'a4fb7b6d52118a87bf94d07509da7d7f') in 0.177427 seconds 
========================================================================
Received Import Request.
  Time since last request: 0.185493 seconds.
  path: Packages/asset.mysteryhouse/Prefabs/mysteryhouse_furniture_desk2.prefab
  artifactKey: Guid(1b8874d045a724a60bad774fee85801e) Importer(815301076,1909f56bfc062723c751e8b465ee728b)
Start importing Packages/asset.mysteryhouse/Prefabs/mysteryhouse_furniture_desk2.prefab using Guid(1b8874d045a724a60bad774fee85801e) Importer(815301076,1909f56bfc062723c751e8b465ee728b)  -> (artifact id: '13960cfd478ac5fb805713dcfc206672') in 0.011567 seconds 
========================================================================
Received Import Request.
  Time since last request: 0.024677 seconds.
  path: Packages/asset.mysteryhouse/Prefabs/mysteryhouse_furniture_diningchair.prefab
  artifactKey: Guid(2b039ab5ae7544ba997b78cae180a758) Importer(815301076,1909f56bfc062723c751e8b465ee728b)
Start importing Packages/asset.mysteryhouse/Prefabs/mysteryhouse_furniture_diningchair.prefab using Guid(2b039ab5ae7544ba997b78cae180a758) Importer(815301076,1909f56bfc062723c751e8b465ee728b)  -> (artifact id: '9f5a2e7bbd3c0df3feb80d58f5c631b7') in 0.010405 seconds 
========================================================================
Received Import Request.
  Time since last request: 0.010680 seconds.
  path: Packages/asset.mysteryhouse/Prefabs/mysteryhouse_furniture_dressingtable.prefab
  artifactKey: Guid(72421e26578f04953bd3f34040dd5463) Importer(815301076,1909f56bfc062723c751e8b465ee728b)
Start importing Packages/asset.mysteryhouse/Prefabs/mysteryhouse_furniture_dressingtable.prefab using Guid(72421e26578f04953bd3f34040dd5463) Importer(815301076,1909f56bfc062723c751e8b465ee728b)  -> (artifact id: 'a539ab25d5ed0e9c16ef108b2320d059') in 0.011814 seconds 
========================================================================
Received Import Request.
  Time since last request: 0.006553 seconds.
  path: Packages/asset.mysteryhouse/Prefabs/mysteryhouse_furniture_kitchenrack.prefab
  artifactKey: Guid(e19044e7ddf1b4ab99ddfc3c8e9058ee) Importer(815301076,1909f56bfc062723c751e8b465ee728b)
Start importing Packages/asset.mysteryhouse/Prefabs/mysteryhouse_furniture_kitchenrack.prefab using Guid(e19044e7ddf1b4ab99ddfc3c8e9058ee) Importer(815301076,1909f56bfc062723c751e8b465ee728b)  -> (artifact id: '9ecb41b65209c0313d7b90c37b9be82a') in 0.012642 seconds 
========================================================================
Received Import Request.
  Time since last request: 0.272905 seconds.
  path: Packages/asset.mysteryhouse/Prefabs/mysteryhouse_furniture_sink.prefab
  artifactKey: Guid(ad48c7be4f1154c26b1932642638de19) Importer(815301076,1909f56bfc062723c751e8b465ee728b)
Start importing Packages/asset.mysteryhouse/Prefabs/mysteryhouse_furniture_sink.prefab using Guid(ad48c7be4f1154c26b1932642638de19) Importer(815301076,1909f56bfc062723c751e8b465ee728b)  -> (artifact id: '1b6afceff26b7fc61d8bca4b73869cf0') in 0.020206 seconds 
========================================================================
Received Import Request.
  Time since last request: 0.008907 seconds.
  path: Packages/asset.mysteryhouse/Prefabs/mysteryhouse_furniture_sofa1.prefab
  artifactKey: Guid(afa34e143c1f94a7c95e8fcea9b61deb) Importer(815301076,1909f56bfc062723c751e8b465ee728b)
Start importing Packages/asset.mysteryhouse/Prefabs/mysteryhouse_furniture_sofa1.prefab using Guid(afa34e143c1f94a7c95e8fcea9b61deb) Importer(815301076,1909f56bfc062723c751e8b465ee728b)  -> (artifact id: 'd095ca187913bbdbc9c834bb17cf0938') in 0.010796 seconds 
========================================================================
Received Import Request.
  Time since last request: 0.015657 seconds.
  path: Packages/asset.mysteryhouse/Prefabs/mysteryhouse_furniture_sofa3.prefab
  artifactKey: Guid(025bcea0f194d4fc0b21a24b9764cb03) Importer(815301076,1909f56bfc062723c751e8b465ee728b)
Start importing Packages/asset.mysteryhouse/Prefabs/mysteryhouse_furniture_sofa3.prefab using Guid(025bcea0f194d4fc0b21a24b9764cb03) Importer(815301076,1909f56bfc062723c751e8b465ee728b)  -> (artifact id: '3a3f4c157a8f815c77c40ae86654dff0') in 0.010304 seconds 
========================================================================
Received Import Request.
  Time since last request: 0.235438 seconds.
  path: Packages/asset.mysteryhouse/Prefabs/mysteryhouse_furniture_table2.prefab
  artifactKey: Guid(33845e32a48b146b9a05567a4b35cddd) Importer(815301076,1909f56bfc062723c751e8b465ee728b)
Start importing Packages/asset.mysteryhouse/Prefabs/mysteryhouse_furniture_table2.prefab using Guid(33845e32a48b146b9a05567a4b35cddd) Importer(815301076,1909f56bfc062723c751e8b465ee728b)  -> (artifact id: '840955f2518fdf1e7304eaada7395a6c') in 0.019871 seconds 
========================================================================
Received Import Request.
  Time since last request: 0.000018 seconds.
  path: Packages/asset.mysteryhouse/Prefabs/mysteryhouse_light_candle1.prefab
  artifactKey: Guid(04373ef93a0164fda80944017a105755) Importer(815301076,1909f56bfc062723c751e8b465ee728b)
Start importing Packages/asset.mysteryhouse/Prefabs/mysteryhouse_light_candle1.prefab using Guid(04373ef93a0164fda80944017a105755) Importer(815301076,1909f56bfc062723c751e8b465ee728b)  -> (artifact id: '7c2049ac100a58af88da3d30713bcdf8') in 0.010376 seconds 
========================================================================
Received Import Request.
  Time since last request: 0.004177 seconds.
  path: Packages/asset.mysteryhouse/Prefabs/mysteryhouse_light_candle2.prefab
  artifactKey: Guid(430b818fa131640438e460be75893dab) Importer(815301076,1909f56bfc062723c751e8b465ee728b)
Start importing Packages/asset.mysteryhouse/Prefabs/mysteryhouse_light_candle2.prefab using Guid(430b818fa131640438e460be75893dab) Importer(815301076,1909f56bfc062723c751e8b465ee728b)  -> (artifact id: 'f119f30b4215a9306f63551def8c8921') in 0.010035 seconds 
========================================================================
Received Import Request.
  Time since last request: 0.007449 seconds.
  path: Packages/asset.mysteryhouse/Prefabs/mysteryhouse_light_candle4.prefab
  artifactKey: Guid(be5f0d7b772804983874d6116fba9d56) Importer(815301076,1909f56bfc062723c751e8b465ee728b)
Start importing Packages/asset.mysteryhouse/Prefabs/mysteryhouse_light_candle4.prefab using Guid(be5f0d7b772804983874d6116fba9d56) Importer(815301076,1909f56bfc062723c751e8b465ee728b)  -> (artifact id: '81edf6c27c9668f8c8f2089177976ed3') in 0.010734 seconds 
========================================================================
Received Import Request.
  Time since last request: 0.000018 seconds.
  path: Packages/asset.mysteryhouse/Prefabs/mysteryhouse_light_chandelier.prefab
  artifactKey: Guid(8805d36c540234afcba91747e33d4f9c) Importer(815301076,1909f56bfc062723c751e8b465ee728b)
Start importing Packages/asset.mysteryhouse/Prefabs/mysteryhouse_light_chandelier.prefab using Guid(8805d36c540234afcba91747e33d4f9c) Importer(815301076,1909f56bfc062723c751e8b465ee728b)  -> (artifact id: '44a76f409b616de1cf37693105f1b543') in 0.090971 seconds 
========================================================================
Received Import Request.
  Time since last request: 0.180158 seconds.
  path: Packages/asset.mysteryhouse/Prefabs/mysteryhouse_light_lamp.prefab
  artifactKey: Guid(9fe3bf837bcf94014ac3e1c9782cca42) Importer(815301076,1909f56bfc062723c751e8b465ee728b)
Start importing Packages/asset.mysteryhouse/Prefabs/mysteryhouse_light_lamp.prefab using Guid(9fe3bf837bcf94014ac3e1c9782cca42) Importer(815301076,1909f56bfc062723c751e8b465ee728b)  -> (artifact id: '97380b5666a6eb452346a6f55ee29df5') in 0.012748 seconds 
========================================================================
Received Import Request.
  Time since last request: 0.000017 seconds.
  path: Packages/asset.mysteryhouse/Prefabs/mysteryhouse_light_standlamp2.prefab
  artifactKey: Guid(553e8e1d75f8249ccab9c8e112f96f23) Importer(815301076,1909f56bfc062723c751e8b465ee728b)
Start importing Packages/asset.mysteryhouse/Prefabs/mysteryhouse_light_standlamp2.prefab using Guid(553e8e1d75f8249ccab9c8e112f96f23) Importer(815301076,1909f56bfc062723c751e8b465ee728b)  -> (artifact id: '7e0436edfcbf56bd12f46cc2ef2ee4a2') in 0.015057 seconds 
========================================================================
Received Import Request.
  Time since last request: 0.228540 seconds.
  path: Packages/asset.mysteryhouse/Prefabs/mysteryhouse_light_walllamp.prefab
  artifactKey: Guid(4ed2ac94331594cf8aa3b72c611a99d9) Importer(815301076,1909f56bfc062723c751e8b465ee728b)
Start importing Packages/asset.mysteryhouse/Prefabs/mysteryhouse_light_walllamp.prefab using Guid(4ed2ac94331594cf8aa3b72c611a99d9) Importer(815301076,1909f56bfc062723c751e8b465ee728b)  -> (artifact id: 'b539bd2b4f8e8709e751ff639e99cdc9') in 0.011889 seconds 
========================================================================
Received Import Request.
  Time since last request: 0.011413 seconds.
  path: Packages/asset.mysteryhouse/Prefabs/mysteryhouse_plants_bushvase.prefab
  artifactKey: Guid(17a61ad7e2e97472599b92b62c5f35c1) Importer(815301076,1909f56bfc062723c751e8b465ee728b)
Start importing Packages/asset.mysteryhouse/Prefabs/mysteryhouse_plants_bushvase.prefab using Guid(17a61ad7e2e97472599b92b62c5f35c1) Importer(815301076,1909f56bfc062723c751e8b465ee728b)  -> (artifact id: '81e54a989c003bfcee7a9a3ac0a585e9') in 0.013388 seconds 
========================================================================
Received Import Request.
  Time since last request: 0.000013 seconds.
  path: Packages/asset.mysteryhouse/Prefabs/mysteryhouse_props_bookset1.prefab
  artifactKey: Guid(88d4254ede9864b2c82e5fd81cb74d31) Importer(815301076,1909f56bfc062723c751e8b465ee728b)
Start importing Packages/asset.mysteryhouse/Prefabs/mysteryhouse_props_bookset1.prefab using Guid(88d4254ede9864b2c82e5fd81cb74d31) Importer(815301076,1909f56bfc062723c751e8b465ee728b)  -> (artifact id: '7a55506616f9091536b2ef012ef64a97') in 0.011381 seconds 
========================================================================
Received Import Request.
  Time since last request: 0.012364 seconds.
  path: Packages/asset.mysteryhouse/Prefabs/mysteryhouse_props_bookset2.prefab
  artifactKey: Guid(69136f4fb05514b6ba9ad72e6ca61e40) Importer(815301076,1909f56bfc062723c751e8b465ee728b)
Start importing Packages/asset.mysteryhouse/Prefabs/mysteryhouse_props_bookset2.prefab using Guid(69136f4fb05514b6ba9ad72e6ca61e40) Importer(815301076,1909f56bfc062723c751e8b465ee728b)  -> (artifact id: '991d02879b17a4a262fe3575eb4ff2a0') in 0.008963 seconds 
========================================================================
Received Import Request.
  Time since last request: 0.267481 seconds.
  path: Packages/asset.mysteryhouse/Prefabs/mysteryhouse_props_bookset4.prefab
  artifactKey: Guid(0896305f7482e4c0682b47f3f0197fdd) Importer(815301076,1909f56bfc062723c751e8b465ee728b)
Start importing Packages/asset.mysteryhouse/Prefabs/mysteryhouse_props_bookset4.prefab using Guid(0896305f7482e4c0682b47f3f0197fdd) Importer(815301076,1909f56bfc062723c751e8b465ee728b)  -> (artifact id: '02335d4b5c6ccebc85a443b88cee286d') in 0.009548 seconds 
========================================================================
Received Import Request.
  Time since last request: 0.011007 seconds.
  path: Packages/asset.mysteryhouse/Prefabs/mysteryhouse_props_carpet1.prefab
  artifactKey: Guid(76a89f9fd5a444a478f25860d64fd5ac) Importer(815301076,1909f56bfc062723c751e8b465ee728b)
Start importing Packages/asset.mysteryhouse/Prefabs/mysteryhouse_props_carpet1.prefab using Guid(76a89f9fd5a444a478f25860d64fd5ac) Importer(815301076,1909f56bfc062723c751e8b465ee728b)  -> (artifact id: '0bb06b14797ebc68828ba29b1595511b') in 0.010262 seconds 
========================================================================
Received Import Request.
  Time since last request: 0.000016 seconds.
  path: Packages/asset.mysteryhouse/Prefabs/mysteryhouse_props_coffin1.prefab
  artifactKey: Guid(9c5f9f0749faf46ce81267c398f72aa5) Importer(815301076,1909f56bfc062723c751e8b465ee728b)
Start importing Packages/asset.mysteryhouse/Prefabs/mysteryhouse_props_coffin1.prefab using Guid(9c5f9f0749faf46ce81267c398f72aa5) Importer(815301076,1909f56bfc062723c751e8b465ee728b)  -> (artifact id: 'de491d0a54d22ef4d418b915b79efa1f') in 0.009957 seconds 
========================================================================
Received Import Request.
  Time since last request: 0.000025 seconds.
  path: Packages/asset.mysteryhouse/Prefabs/mysteryhouse_props_coffin3.prefab
  artifactKey: Guid(3663b5301dbb54a3f8e6f32814b55947) Importer(815301076,1909f56bfc062723c751e8b465ee728b)
Start importing Packages/asset.mysteryhouse/Prefabs/mysteryhouse_props_coffin3.prefab using Guid(3663b5301dbb54a3f8e6f32814b55947) Importer(815301076,1909f56bfc062723c751e8b465ee728b)  -> (artifact id: 'cf619397c3749b01ced4ebe6857edf3b') in 0.009945 seconds 
========================================================================
Received Import Request.
  Time since last request: 0.011726 seconds.
  path: Packages/asset.mysteryhouse/Prefabs/mysteryhouse_props_coffin4.prefab
  artifactKey: Guid(85512e742e329422b9f4b633b94d55ae) Importer(815301076,1909f56bfc062723c751e8b465ee728b)
Start importing Packages/asset.mysteryhouse/Prefabs/mysteryhouse_props_coffin4.prefab using Guid(85512e742e329422b9f4b633b94d55ae) Importer(815301076,1909f56bfc062723c751e8b465ee728b)  -> (artifact id: 'be26c2df2792ae65b086708145eb4878') in 0.010572 seconds 
========================================================================
Received Import Request.
  Time since last request: 0.260640 seconds.
  path: Packages/asset.mysteryhouse/Prefabs/mysteryhouse_props_fruitbowl2.prefab
  artifactKey: Guid(e231d2d205de340feade91037be11fd3) Importer(815301076,1909f56bfc062723c751e8b465ee728b)
Start importing Packages/asset.mysteryhouse/Prefabs/mysteryhouse_props_fruitbowl2.prefab using Guid(e231d2d205de340feade91037be11fd3) Importer(815301076,1909f56bfc062723c751e8b465ee728b)  -> (artifact id: '549b85a6275ba35b74a35c986bf13deb') in 0.012180 seconds 
========================================================================
Received Import Request.
  Time since last request: 0.039683 seconds.
  path: Packages/asset.mysteryhouse/Prefabs/mysteryhouse_props_glassbottle2.prefab
  artifactKey: Guid(ec94be415311f4f97bada3eab874d688) Importer(815301076,1909f56bfc062723c751e8b465ee728b)
Start importing Packages/asset.mysteryhouse/Prefabs/mysteryhouse_props_glassbottle2.prefab using Guid(ec94be415311f4f97bada3eab874d688) Importer(815301076,1909f56bfc062723c751e8b465ee728b)  -> (artifact id: '732ce208dc9f5150d1a28dcb600b1124') in 0.011458 seconds 
========================================================================
Received Import Request.
  Time since last request: 0.010021 seconds.
  path: Packages/asset.mysteryhouse/Prefabs/mysteryhouse_props_glassbottle4.prefab
  artifactKey: Guid(5d0ae88f7eac24c358543d44505327eb) Importer(815301076,1909f56bfc062723c751e8b465ee728b)
Start importing Packages/asset.mysteryhouse/Prefabs/mysteryhouse_props_glassbottle4.prefab using Guid(5d0ae88f7eac24c358543d44505327eb) Importer(815301076,1909f56bfc062723c751e8b465ee728b)  -> (artifact id: '75149a2d0582d6d63d93253fdba76763') in 0.013847 seconds 
========================================================================
Received Import Request.
  Time since last request: 2.270960 seconds.
  path: Packages/asset.wedding/Prefabs/wedding_traffic_streetlight.prefab
  artifactKey: Guid(00cb3c7e42023498d9817a043e0987b7) Importer(815301076,1909f56bfc062723c751e8b465ee728b)
Start importing Packages/asset.wedding/Prefabs/wedding_traffic_streetlight.prefab using Guid(00cb3c7e42023498d9817a043e0987b7) Importer(815301076,1909f56bfc062723c751e8b465ee728b)  -> (artifact id: 'c9a1bcd33597490b7d37bb435843470e') in 0.012357 seconds 
========================================================================
Received Import Request.
  Time since last request: 0.000013 seconds.
  path: Packages/asset.wedding/Prefabs/wedding_trees_oak.prefab
  artifactKey: Guid(693b38f699b384ef18287e9531a0c73e) Importer(815301076,1909f56bfc062723c751e8b465ee728b)
Start importing Packages/asset.wedding/Prefabs/wedding_trees_oak.prefab using Guid(693b38f699b384ef18287e9531a0c73e) Importer(815301076,1909f56bfc062723c751e8b465ee728b)  -> (artifact id: 'c883988e3864a7c2e7e91493411105f6') in 0.021098 seconds 
========================================================================
Received Import Request.
  Time since last request: 1.325979 seconds.
  path: Packages/asset.themepark/Prefabs/themepark_trees_spruce2.prefab
  artifactKey: Guid(ebbf7f1404e5146678abf6e2e0018480) Importer(815301076,1909f56bfc062723c751e8b465ee728b)
Start importing Packages/asset.themepark/Prefabs/themepark_trees_spruce2.prefab using Guid(ebbf7f1404e5146678abf6e2e0018480) Importer(815301076,1909f56bfc062723c751e8b465ee728b)  -> (artifact id: 'b59dafbaeb43333cbcf923e3f29380cd') in 0.019752 seconds 
========================================================================
Received Import Request.
  Time since last request: 0.232682 seconds.
  path: Packages/asset.themepark/Prefabs/themepark_traffic_streetlight2.prefab
  artifactKey: Guid(157c181760b734738af7ce9d7098a5e1) Importer(815301076,1909f56bfc062723c751e8b465ee728b)
Start importing Packages/asset.themepark/Prefabs/themepark_traffic_streetlight2.prefab using Guid(157c181760b734738af7ce9d7098a5e1) Importer(815301076,1909f56bfc062723c751e8b465ee728b)  -> (artifact id: 'f2d4ab250299c1d512a228f71426cc7f') in 0.019424 seconds 
========================================================================
Received Import Request.
  Time since last request: 0.160903 seconds.
  path: Packages/asset.sugarland/Prefabs/sugarland_trees_pinktree.prefab
  artifactKey: Guid(191e28b894c684be7b03324cc8b38b80) Importer(815301076,1909f56bfc062723c751e8b465ee728b)
Start importing Packages/asset.sugarland/Prefabs/sugarland_trees_pinktree.prefab using Guid(191e28b894c684be7b03324cc8b38b80) Importer(815301076,1909f56bfc062723c751e8b465ee728b)  -> (artifact id: 'abffb68c609958853dd80908ae70e7ed') in 0.011638 seconds 
========================================================================
Received Import Request.
  Time since last request: 0.048314 seconds.
  path: Packages/asset.snowvillage/Prefabs/snowvillage_trees_snowytree5.prefab
  artifactKey: Guid(96fb14273aca14a3c9c26932c10d3163) Importer(815301076,1909f56bfc062723c751e8b465ee728b)
Start importing Packages/asset.snowvillage/Prefabs/snowvillage_trees_snowytree5.prefab using Guid(96fb14273aca14a3c9c26932c10d3163) Importer(815301076,1909f56bfc062723c751e8b465ee728b)  -> (artifact id: '834f758da2618ef24413ce3d0a3543ae') in 0.012175 seconds 
========================================================================
Received Import Request.
  Time since last request: 0.032079 seconds.
  path: Packages/asset.snowvillage/Prefabs/snowvillage_trees_snowytree3.prefab
  artifactKey: Guid(d597a7fa229194b119f6acab84d980cb) Importer(815301076,1909f56bfc062723c751e8b465ee728b)
Start importing Packages/asset.snowvillage/Prefabs/snowvillage_trees_snowytree3.prefab using Guid(d597a7fa229194b119f6acab84d980cb) Importer(815301076,1909f56bfc062723c751e8b465ee728b)  -> (artifact id: 'c3e6af594102b6b77f884d71fc396cb8') in 0.016806 seconds 
========================================================================
Received Import Request.
  Time since last request: 0.164028 seconds.
  path: Packages/asset.snowvillage/Prefabs/snowvillage_trees_snowytree1.prefab
  artifactKey: Guid(53792bf0fa7334f60ac9c6a8167a5a71) Importer(815301076,1909f56bfc062723c751e8b465ee728b)
Start importing Packages/asset.snowvillage/Prefabs/snowvillage_trees_snowytree1.prefab using Guid(53792bf0fa7334f60ac9c6a8167a5a71) Importer(815301076,1909f56bfc062723c751e8b465ee728b)  -> (artifact id: '1229fc3d57eced56e324b1e1860359cd') in 0.014464 seconds 
========================================================================
Received Import Request.
  Time since last request: 0.381807 seconds.
  path: Packages/asset.snowvillage/Prefabs/snowvillage_trees_christmastree3.prefab
  artifactKey: Guid(758711ca0fbb4435cb8f0d1c9a790065) Importer(815301076,1909f56bfc062723c751e8b465ee728b)
Start importing Packages/asset.snowvillage/Prefabs/snowvillage_trees_christmastree3.prefab using Guid(758711ca0fbb4435cb8f0d1c9a790065) Importer(815301076,1909f56bfc062723c751e8b465ee728b)  -> (artifact id: '9722bae06029606abe4fe0d494450d1c') in 0.024082 seconds 
========================================================================
Received Import Request.
  Time since last request: 0.014098 seconds.
  path: Packages/asset.snowvillage/Prefabs/snowvillage_trees_christmastree1.prefab
  artifactKey: Guid(9c038a28298c943c48399a058a9a4a2d) Importer(815301076,1909f56bfc062723c751e8b465ee728b)
Start importing Packages/asset.snowvillage/Prefabs/snowvillage_trees_christmastree1.prefab using Guid(9c038a28298c943c48399a058a9a4a2d) Importer(815301076,1909f56bfc062723c751e8b465ee728b)  -> (artifact id: 'a6e7f5d9a4d3060f733bebea6cdb43f9') in 0.020728 seconds 
========================================================================
Received Import Request.
  Time since last request: 0.009513 seconds.
  path: Packages/asset.snowvillage/Prefabs/snowvillage_traffic_streetlight.prefab
  artifactKey: Guid(53062ff6559a542f4b0f902159c4fa65) Importer(815301076,1909f56bfc062723c751e8b465ee728b)
Start importing Packages/asset.snowvillage/Prefabs/snowvillage_traffic_streetlight.prefab using Guid(53062ff6559a542f4b0f902159c4fa65) Importer(815301076,1909f56bfc062723c751e8b465ee728b)  -> (artifact id: 'f24d9d570ef505333450e5a9674ca19c') in 0.011907 seconds 
========================================================================
Received Import Request.
  Time since last request: 0.081715 seconds.
  path: Packages/asset.snowvillage/Prefabs/snowvillage_props_treebox.prefab
  artifactKey: Guid(4276c236461c74d42b9136684914ca8f) Importer(815301076,1909f56bfc062723c751e8b465ee728b)
Start importing Packages/asset.snowvillage/Prefabs/snowvillage_props_treebox.prefab using Guid(4276c236461c74d42b9136684914ca8f) Importer(815301076,1909f56bfc062723c751e8b465ee728b)  -> (artifact id: '21787273fad5c1e384ada261634fb2e7') in 0.009836 seconds 
========================================================================
Received Import Request.
  Time since last request: 0.379334 seconds.
  path: Packages/asset.mysteryhouse/Prefabs/mysteryhouse_trees_greytree2.prefab
  artifactKey: Guid(2b7a95f352f3542538fe4d3d2df70907) Importer(815301076,1909f56bfc062723c751e8b465ee728b)
Start importing Packages/asset.mysteryhouse/Prefabs/mysteryhouse_trees_greytree2.prefab using Guid(2b7a95f352f3542538fe4d3d2df70907) Importer(815301076,1909f56bfc062723c751e8b465ee728b)  -> (artifact id: 'a87a5deb2706928033d27906c903897a') in 0.018959 seconds 
========================================================================
Received Import Request.
  Time since last request: 0.065328 seconds.
  path: Packages/asset.mysteryhouse/Prefabs/mysteryhouse_trees_baretree2.prefab
  artifactKey: Guid(6f44b40092d414f60832b83d6e63262c) Importer(815301076,1909f56bfc062723c751e8b465ee728b)
Start importing Packages/asset.mysteryhouse/Prefabs/mysteryhouse_trees_baretree2.prefab using Guid(6f44b40092d414f60832b83d6e63262c) Importer(815301076,1909f56bfc062723c751e8b465ee728b)  -> (artifact id: '30c88781b5eb552809f01bce1ebc2777') in 0.011419 seconds 
========================================================================
Received Import Request.
  Time since last request: 0.016771 seconds.
  path: Packages/asset.mysteryhouse/Prefabs/mysteryhouse_trees_baretree1.prefab
  artifactKey: Guid(b37f6a96a240541ea9d0c9845f8317d3) Importer(815301076,1909f56bfc062723c751e8b465ee728b)
Start importing Packages/asset.mysteryhouse/Prefabs/mysteryhouse_trees_baretree1.prefab using Guid(b37f6a96a240541ea9d0c9845f8317d3) Importer(815301076,1909f56bfc062723c751e8b465ee728b)  -> (artifact id: 'fbcca42c51c99e17e87b28bb2ccef8a6') in 0.009993 seconds 
========================================================================
Received Import Request.
  Time since last request: 1.258788 seconds.
  path: Packages/asset.epicvillage/Prefabs/epicvillage_trees_poplar.prefab
  artifactKey: Guid(4951e6e3e03394e36bb109284005d4d7) Importer(815301076,1909f56bfc062723c751e8b465ee728b)
Start importing Packages/asset.epicvillage/Prefabs/epicvillage_trees_poplar.prefab using Guid(4951e6e3e03394e36bb109284005d4d7) Importer(815301076,1909f56bfc062723c751e8b465ee728b)  -> (artifact id: '3083d6d12ced909b580620be77582e61') in 0.018607 seconds 
========================================================================
Received Import Request.
  Time since last request: 0.017152 seconds.
  path: Packages/asset.epicvillage/Prefabs/epicvillage_trees_chestnut2.prefab
  artifactKey: Guid(a8f13fe768aa84b70a63ee8189ba8ac8) Importer(815301076,1909f56bfc062723c751e8b465ee728b)
Start importing Packages/asset.epicvillage/Prefabs/epicvillage_trees_chestnut2.prefab using Guid(a8f13fe768aa84b70a63ee8189ba8ac8) Importer(815301076,1909f56bfc062723c751e8b465ee728b)  -> (artifact id: '9e6773c5c0ad44e3b3c61f10f7312ff1') in 0.010179 seconds 
========================================================================
Received Import Request.
  Time since last request: 0.017583 seconds.
  path: Packages/asset.epicvillage/Prefabs/epicvillage_traffic_streetlight.prefab
  artifactKey: Guid(5d81d655fa70a423e92d872582d0d4c0) Importer(815301076,1909f56bfc062723c751e8b465ee728b)
Start importing Packages/asset.epicvillage/Prefabs/epicvillage_traffic_streetlight.prefab using Guid(5d81d655fa70a423e92d872582d0d4c0) Importer(815301076,1909f56bfc062723c751e8b465ee728b)  -> (artifact id: '00ea17ecd1b96363244d78400c748fb1') in 0.010873 seconds 
========================================================================
Received Import Request.
  Time since last request: 0.066179 seconds.
  path: Packages/asset.city/Prefabs/city_trees_oak.prefab
  artifactKey: Guid(b592d6944c3f7493ba286f342f4cb243) Importer(815301076,1909f56bfc062723c751e8b465ee728b)
Start importing Packages/asset.city/Prefabs/city_trees_oak.prefab using Guid(b592d6944c3f7493ba286f342f4cb243) Importer(815301076,1909f56bfc062723c751e8b465ee728b)  -> (artifact id: 'b9f6a1d211b1dc68961e35f89eced243') in 0.009671 seconds 
========================================================================
Received Import Request.
  Time since last request: 0.283040 seconds.
  path: Packages/asset.city/Prefabs/city_traffic_treering.prefab
  artifactKey: Guid(7b00681fcff39420fa5857d74f675e12) Importer(815301076,1909f56bfc062723c751e8b465ee728b)
Start importing Packages/asset.city/Prefabs/city_traffic_treering.prefab using Guid(7b00681fcff39420fa5857d74f675e12) Importer(815301076,1909f56bfc062723c751e8b465ee728b)  -> (artifact id: '35b0f5bd89df06838bba5a930b70e995') in 0.019331 seconds 
========================================================================
Received Import Request.
  Time since last request: 0.015993 seconds.
  path: Packages/asset.city/Prefabs/city_traffic_streetlight.prefab
  artifactKey: Guid(98b52fb85281d4bb78d2d326e3af4315) Importer(815301076,1909f56bfc062723c751e8b465ee728b)
Start importing Packages/asset.city/Prefabs/city_traffic_streetlight.prefab using Guid(98b52fb85281d4bb78d2d326e3af4315) Importer(815301076,1909f56bfc062723c751e8b465ee728b)  -> (artifact id: '8b37823ad366dd6178aa8a7188caf78d') in 0.009215 seconds 
========================================================================
Received Import Request.
  Time since last request: 0.268508 seconds.
  path: Packages/asset.cherryblossom/Prefabs/cherryblossom_trees_cherryblossom3.prefab
  artifactKey: Guid(15f4e8529071e46eb8cea713946c8489) Importer(815301076,1909f56bfc062723c751e8b465ee728b)
Start importing Packages/asset.cherryblossom/Prefabs/cherryblossom_trees_cherryblossom3.prefab using Guid(15f4e8529071e46eb8cea713946c8489) Importer(815301076,1909f56bfc062723c751e8b465ee728b)  -> (artifact id: '9362c0530909574e310ec143fe56f618') in 0.096939 seconds 
Editor requested this worker to shutdown with reason: Scaling down because of idle timeout
AssetImportWorker is now disconnected from the server
Process exiting
Exiting without the bug reporter. Application will terminate with return code 0